<?xml version="1.0" encoding="UTF-8"?>
<!-- Generated by org.testng.reporters.JUnitReportReporter -->
<testsuite hostname="WLD22DFR" failures="0" tests="1" name="testcases.mytheresa.NewUserJourney" time="2.208" errors="0" timestamp="24 Mar 2023 03:57:59 GMT" skipped="0">
  <testcase classname="testcases.mytheresa.NewUserJourney" name="accountCreate" time="2.208"/>
</testsuite> <!-- testcases.mytheresa.NewUserJourney -->
